<?xml version="1.0" encoding="UTF-8"?>
<testsuite name="com.baomoi.forpublisher.ApplicationTests" tests="1" skipped="0" failures="0" errors="0" timestamp="2023-11-06T00:35:26" hostname="DESKTOP-90JUIDQ" time="0.946">
  <properties/>
  <testcase name="contextLoads()" classname="com.baomoi.forpublisher.ApplicationTests" time="0.946"/>
  <system-out><![CDATA[07:35:24.460 [Test worker] INFO org.springframework.test.context.support.AnnotationConfigContextLoaderUtils -- Could not detect default configuration classes for test class [com.baomoi.forpublisher.ApplicationTests]: ApplicationTests does not declare any static, non-private, non-final, nested classes annotated with @Configuration.
07:35:24.575 [Test worker] INFO org.springframework.boot.test.context.SpringBootTestContextBootstrapper -- Found @SpringBootConfiguration com.baomoi.Application for test class com.baomoi.forpublisher.ApplicationTests

  .   ____          _            __ _ _
 /\\ / ___'_ __ _ _(_)_ __  __ _ \ \ \ \
( ( )\___ | '_ | '_| | '_ \/ _` | \ \ \ \
 \\/  ___)| |_)| | | | | || (_| |  ) ) ) )
  '  |____| .__|_| |_|_| |_\__, | / / / /
 =========|_|==============|___/=/_/_/_/
 :: Spring Boot ::                (v3.1.5)

2023-11-06T07:35:24.954+07:00  INFO 7984 --- [    Test worker] c.baomoi.forpublisher.ApplicationTests   : Starting ApplicationTests using Java 17.0.2 with PID 7984 (started by ADMIN in C:\SON.admin\VII\React\webapp-baomoi\front-end\ForPublisher)
2023-11-06T07:35:24.956+07:00  INFO 7984 --- [    Test worker] c.baomoi.forpublisher.ApplicationTests   : No active profile set, falling back to 1 default profile: "default"
2023-11-06T07:35:25.865+07:00  WARN 7984 --- [    Test worker] .s.s.UserDetailsServiceAutoConfiguration : 

Using generated security password: e230dea6-61c6-4ecb-bfb3-969fee3e196f

This generated password is for development use only. Your security configuration must be updated before running your application in production.

2023-11-06T07:35:25.975+07:00  INFO 7984 --- [    Test worker] o.s.s.web.DefaultSecurityFilterChain     : Will secure any request with [org.springframework.security.web.session.DisableEncodeUrlFilter@233db8e9, org.springframework.security.web.context.request.async.WebAsyncManagerIntegrationFilter@40c2ce52, org.springframework.security.web.context.SecurityContextHolderFilter@46dcbeab, org.springframework.security.web.header.HeaderWriterFilter@31b82e0f, org.springframework.security.web.authentication.logout.LogoutFilter@5d94a2dc, org.springframework.security.web.savedrequest.RequestCacheAwareFilter@152c4495, org.springframework.security.web.servletapi.SecurityContextHolderAwareRequestFilter@1d06f16f, org.springframework.security.web.authentication.AnonymousAuthenticationFilter@18a19e, org.springframework.security.web.access.ExceptionTranslationFilter@497d4c96]
2023-11-06T07:35:26.373+07:00  INFO 7984 --- [    Test worker] c.baomoi.forpublisher.ApplicationTests   : Started ApplicationTests in 1.623 seconds (process running for 2.791)
98676eb8-ca58-4889-8123-7e57303d647a
]]></system-out>
  <system-err><![CDATA[]]></system-err>
</testsuite>
